<?xml version="1.0" encoding="UTF-8"?>
<!-- Generated by org.testng.reporters.JUnitReportReporter -->
<testsuite hostname="AH0016" failures="0" tests="2" name="com.hrm.Runner.Runner" time="12.591" errors="0" timestamp="2025-04-24T11:57:57 IST" skipped="0">
  <testcase classname="com.hrm.Runner.Runner" name="runScenario" time="5.779"/>
  <testcase classname="com.hrm.Runner.Runner" name="runScenario" time="6.812"/>
</testsuite> <!-- com.hrm.Runner.Runner -->
